Load "d:\\DevelopProject\\Keil\\stm32Template\\Objects\\project.axf" 
Set JLink Project File to "d:\DevelopProject\Keil\stm32Template\JLinkSettings.ini"* JLink Info: Device "STM32F103C6" selected (32 KB flash, 10 KB RAM).

JLink info:
------------
DLL: V4.78j, compiled Nov 22 2013 20:08:33
Firmware: J-Link ARM V8 compiled Jan 31 2018 18:34:52
Hardware: V8.00
S/N : 20080643 
Feature(s) : RDI,FlashDL,FlashBP,JFlash,GDBFull 

* JLink Info: Found SWD-DP with ID 0x1BA01477
* JLink Info: Found SWD-DP with ID 0x1BA01477
* JLink Info: Found Cortex-M3 r1p1, Little endian.
* JLink Info: FPUnit: 6 code (BP) slots and 2 literal slots
* JLink Info: TPIU fitted.
* JLink Info: ETM fitted.
ROMTableAddr = 0xE00FF003

Target info:
------------
Device: STM32F103C6
VTarget = 3.060V
State of Pins: TCK: 0, TDI: 0, TDO: 0, TMS: 0, TRES: 1, TRST: 1
Hardware-Breakpoints: 6
Software-Breakpoints: 8192
Watchpoints:          4
JTAG speed: 4000 kHz

Erase Done.Programming Done.Verify OK.**JLink Warning: Mis-aligned memory write: Address: 0x20000000, NumBytes: 2, Alignment: 2 (Halfword-aligned)
Flash Load finished at 16:15:44
